2025-03-20T17:06:16.653+05:30  INFO 8640 --- [banking-service] [restartedMain] com.banking.BankingServiceApplication    : Starting BankingServiceApplication using Java 17.0.12 with PID 8640 (C:\Users\Asus\Desktop\banking-service\target\classes started by Asus in C:\Users\Asus\Desktop\banking-service)
2025-03-20T17:06:16.660+05:30 DEBUG 8640 --- [banking-service] [restartedMain] com.banking.BankingServiceApplication    : Running with Spring Boot v3.3.9, Spring v6.1.17
2025-03-20T17:06:16.662+05:30  INFO 8640 --- [banking-service] [restartedMain] com.banking.BankingServiceApplication    : No active profile set, falling back to 1 default profile: "default"
2025-03-20T17:06:16.836+05:30  INFO 8640 --- [banking-service] [restartedMain] .e.DevToolsPropertyDefaultsPostProcessor : Devtools property defaults active! Set 'spring.devtools.add-properties' to 'false' to disable
2025-03-20T17:06:16.836+05:30  INFO 8640 --- [banking-service] [restartedMain] .e.DevToolsPropertyDefaultsPostProcessor : For additional web related logging consider setting the 'logging.level.web' property to 'DEBUG'
2025-03-20T17:06:19.015+05:30  INFO 8640 --- [banking-service] [restartedMain] .s.d.r.c.RepositoryConfigurationDelegate : Bootstrapping Spring Data JPA repositories in DEFAULT mode.
2025-03-20T17:06:19.197+05:30  INFO 8640 --- [banking-service] [restartedMain] .s.d.r.c.RepositoryConfigurationDelegate : Finished Spring Data repository scanning in 162 ms. Found 5 JPA repository interfaces.
2025-03-20T17:06:20.876+05:30  INFO 8640 --- [banking-service] [restartedMain] o.s.b.w.embedded.tomcat.TomcatWebServer  : Tomcat initialized with port 8080 (http)
2025-03-20T17:06:20.929+05:30  INFO 8640 --- [banking-service] [restartedMain] o.apache.catalina.core.StandardService   : Starting service [Tomcat]
2025-03-20T17:06:20.930+05:30  INFO 8640 --- [banking-service] [restartedMain] o.apache.catalina.core.StandardEngine    : Starting Servlet engine: [Apache Tomcat/10.1.36]
2025-03-20T17:06:21.107+05:30  INFO 8640 --- [banking-service] [restartedMain] o.a.c.c.C.[Tomcat].[localhost].[/]       : Initializing Spring embedded WebApplicationContext
2025-03-20T17:06:21.108+05:30  INFO 8640 --- [banking-service] [restartedMain] w.s.c.ServletWebServerApplicationContext : Root WebApplicationContext: initialization completed in 4270 ms
2025-03-20T17:06:21.450+05:30  INFO 8640 --- [banking-service] [restartedMain] o.hibernate.jpa.internal.util.LogHelper  : HHH000204: Processing PersistenceUnitInfo [name: default]
2025-03-20T17:06:21.623+05:30  INFO 8640 --- [banking-service] [restartedMain] org.hibernate.Version                    : HHH000412: Hibernate ORM core version 6.5.3.Final
2025-03-20T17:06:21.767+05:30  INFO 8640 --- [banking-service] [restartedMain] o.h.c.internal.RegionFactoryInitiator    : HHH000026: Second-level cache disabled
2025-03-20T17:06:22.699+05:30  INFO 8640 --- [banking-service] [restartedMain] o.s.o.j.p.SpringPersistenceUnitInfo      : No LoadTimeWeaver setup: ignoring JPA class transformer
2025-03-20T17:06:22.804+05:30  INFO 8640 --- [banking-service] [restartedMain] com.zaxxer.hikari.HikariDataSource       : HikariPool-1 - Starting...
2025-03-20T17:06:23.547+05:30  INFO 8640 --- [banking-service] [restartedMain] com.zaxxer.hikari.pool.HikariPool        : HikariPool-1 - Added connection com.mysql.cj.jdbc.ConnectionImpl@4b82da59
2025-03-20T17:06:23.549+05:30  INFO 8640 --- [banking-service] [restartedMain] com.zaxxer.hikari.HikariDataSource       : HikariPool-1 - Start completed.
2025-03-20T17:06:23.654+05:30  WARN 8640 --- [banking-service] [restartedMain] org.hibernate.orm.deprecation            : HHH90000025: MySQL8Dialect does not need to be specified explicitly using 'hibernate.dialect' (remove the property setting and it will be selected by default)
2025-03-20T17:06:23.655+05:30  WARN 8640 --- [banking-service] [restartedMain] org.hibernate.orm.deprecation            : HHH90000026: MySQL8Dialect has been deprecated; use org.hibernate.dialect.MySQLDialect instead
2025-03-20T17:06:25.544+05:30  INFO 8640 --- [banking-service] [restartedMain] o.h.e.t.j.p.i.JtaPlatformInitiator       : HHH000489: No JTA platform available (set 'hibernate.transaction.jta.platform' to enable JTA platform integration)
2025-03-20T17:06:25.833+05:30  INFO 8640 --- [banking-service] [restartedMain] j.LocalContainerEntityManagerFactoryBean : Initialized JPA EntityManagerFactory for persistence unit 'default'
2025-03-20T17:06:27.264+05:30  WARN 8640 --- [banking-service] [restartedMain] JpaBaseConfiguration$JpaWebConfiguration : spring.jpa.open-in-view is enabled by default. Therefore, database queries may be performed during view rendering. Explicitly configure spring.jpa.open-in-view to disable this warning
2025-03-20T17:06:28.705+05:30  INFO 8640 --- [banking-service] [restartedMain] o.s.b.d.a.OptionalLiveReloadServer       : LiveReload server is running on port 35729
2025-03-20T17:06:28.822+05:30  INFO 8640 --- [banking-service] [restartedMain] o.s.b.w.embedded.tomcat.TomcatWebServer  : Tomcat started on port 8080 (http) with context path '/'
2025-03-20T17:06:28.854+05:30  INFO 8640 --- [banking-service] [restartedMain] com.banking.BankingServiceApplication    : Started BankingServiceApplication in 13.31 seconds (process running for 14.466)
2025-03-20T17:07:03.864+05:30  INFO 8640 --- [banking-service] [http-nio-8080-exec-2] o.a.c.c.C.[Tomcat].[localhost].[/]       : Initializing Spring DispatcherServlet 'dispatcherServlet'
2025-03-20T17:07:03.865+05:30  INFO 8640 --- [banking-service] [http-nio-8080-exec-2] o.s.web.servlet.DispatcherServlet        : Initializing Servlet 'dispatcherServlet'
2025-03-20T17:07:03.867+05:30  INFO 8640 --- [banking-service] [http-nio-8080-exec-2] o.s.web.servlet.DispatcherServlet        : Completed initialization in 2 ms
2025-03-20T17:07:05.508+05:30  INFO 8640 --- [banking-service] [http-nio-8080-exec-4] o.springdoc.api.AbstractOpenApiResource  : Init duration for springdoc-openapi is: 1279 ms
2025-03-20T17:09:51.885+05:30  INFO 8640 --- [banking-service] [http-nio-8080-exec-7] c.b.service.impl.CustomerServiceImpl     : Creating customer with email: john.doe@example.com
2025-03-20T17:09:52.263+05:30  INFO 8640 --- [banking-service] [http-nio-8080-exec-7] c.b.service.impl.CustomerServiceImpl     : Customer created successfully with ID: 1
2025-03-20T17:12:13.848+05:30  INFO 8640 --- [banking-service] [http-nio-8080-exec-9] c.b.service.impl.CustomerServiceImpl     : Creating customer with email: john.doe@example.com
2025-03-20T17:12:13.856+05:30  WARN 8640 --- [banking-service] [http-nio-8080-exec-9] c.b.service.impl.CustomerServiceImpl     : Email already exists: john.doe@example.com
2025-03-20T17:12:13.908+05:30  WARN 8640 --- [banking-service] [http-nio-8080-exec-9] .m.m.a.ExceptionHandlerExceptionResolver : Resolved [java.lang.IllegalArgumentException: Email already exists]
2025-03-20T17:14:53.611+05:30  INFO 8640 --- [banking-service] [http-nio-8080-exec-10] c.b.service.impl.CustomerServiceImpl     : Creating customer with email: joh.doe@example.com
2025-03-20T17:14:53.627+05:30  WARN 8640 --- [banking-service] [http-nio-8080-exec-10] c.b.service.impl.CustomerServiceImpl     : Identification number already exists: ID12345
2025-03-20T17:14:53.632+05:30  WARN 8640 --- [banking-service] [http-nio-8080-exec-10] .m.m.a.ExceptionHandlerExceptionResolver : Resolved [java.lang.IllegalArgumentException: Identification number already exists]
2025-03-20T17:15:57.636+05:30  INFO 8640 --- [banking-service] [http-nio-8080-exec-2] c.b.service.impl.CustomerServiceImpl     : Creating customer with email: alice.johnson@example.com
2025-03-20T17:15:57.662+05:30  INFO 8640 --- [banking-service] [http-nio-8080-exec-2] c.b.service.impl.CustomerServiceImpl     : Customer created successfully with ID: 2
2025-03-20T17:16:19.952+05:30  INFO 8640 --- [banking-service] [http-nio-8080-exec-1] c.b.service.impl.CustomerServiceImpl     : Creating customer with email: robert.smith@example.com
2025-03-20T17:16:20.014+05:30  INFO 8640 --- [banking-service] [http-nio-8080-exec-1] c.b.service.impl.CustomerServiceImpl     : Customer created successfully with ID: 3
2025-03-20T17:16:44.541+05:30  INFO 8640 --- [banking-service] [http-nio-8080-exec-3] c.b.service.impl.CustomerServiceImpl     : Creating customer with email: jessica.brown@example.com
2025-03-20T17:16:44.560+05:30  INFO 8640 --- [banking-service] [http-nio-8080-exec-3] c.b.service.impl.CustomerServiceImpl     : Customer created successfully with ID: 4
2025-03-20T17:17:03.910+05:30  INFO 8640 --- [banking-service] [http-nio-8080-exec-5] c.b.service.impl.CustomerServiceImpl     : Creating customer with email: michael.davis@example.com
2025-03-20T17:17:03.927+05:30  INFO 8640 --- [banking-service] [http-nio-8080-exec-5] c.b.service.impl.CustomerServiceImpl     : Customer created successfully with ID: 5
2025-03-20T17:19:15.373+05:30  INFO 8640 --- [banking-service] [http-nio-8080-exec-6] c.b.service.impl.CustomerServiceImpl     : Deleting customer with ID: 5
2025-03-20T17:19:16.016+05:30  INFO 8640 --- [banking-service] [http-nio-8080-exec-6] c.b.service.impl.CustomerServiceImpl     : Customer deleted successfully with ID: 5
2025-03-20T17:19:29.299+05:30  INFO 8640 --- [banking-service] [http-nio-8080-exec-7] c.b.service.impl.CustomerServiceImpl     : Deleting customer with ID: 4
2025-03-20T17:19:29.313+05:30  INFO 8640 --- [banking-service] [http-nio-8080-exec-7] c.b.service.impl.CustomerServiceImpl     : Customer deleted successfully with ID: 4
2025-03-20T17:19:36.171+05:30  INFO 8640 --- [banking-service] [http-nio-8080-exec-8] c.b.service.impl.CustomerServiceImpl     : Deleting customer with ID: 3
2025-03-20T17:19:36.183+05:30  INFO 8640 --- [banking-service] [http-nio-8080-exec-8] c.b.service.impl.CustomerServiceImpl     : Customer deleted successfully with ID: 3
2025-03-20T17:19:40.673+05:30  INFO 8640 --- [banking-service] [http-nio-8080-exec-9] c.b.service.impl.CustomerServiceImpl     : Deleting customer with ID: 2
2025-03-20T17:19:40.687+05:30  INFO 8640 --- [banking-service] [http-nio-8080-exec-9] c.b.service.impl.CustomerServiceImpl     : Customer deleted successfully with ID: 2
2025-03-20T17:19:45.386+05:30  INFO 8640 --- [banking-service] [http-nio-8080-exec-10] c.b.service.impl.CustomerServiceImpl     : Deleting customer with ID: 1
2025-03-20T17:19:45.399+05:30  INFO 8640 --- [banking-service] [http-nio-8080-exec-10] c.b.service.impl.CustomerServiceImpl     : Customer deleted successfully with ID: 1
2025-03-20T17:19:48.187+05:30  INFO 8640 --- [banking-service] [http-nio-8080-exec-2] c.b.service.impl.CustomerServiceImpl     : Deleting customer with ID: 1
2025-03-20T17:19:48.192+05:30 ERROR 8640 --- [banking-service] [http-nio-8080-exec-2] c.b.service.impl.CustomerServiceImpl     : Customer not found with ID: 1
2025-03-20T17:19:48.251+05:30  WARN 8640 --- [banking-service] [http-nio-8080-exec-2] .m.m.a.ExceptionHandlerExceptionResolver : Resolved [com.banking.exception.ResourceNotFoundException: Customer not found with id: 1]
2025-03-20T17:20:06.522+05:30  INFO 8640 --- [banking-service] [http-nio-8080-exec-1] c.b.service.impl.CustomerServiceImpl     : Fetching all customers
2025-03-20T17:20:06.554+05:30  INFO 8640 --- [banking-service] [http-nio-8080-exec-1] c.b.service.impl.CustomerServiceImpl     : Total customers fetched: 0
2025-03-20T17:20:30.671+05:30  INFO 8640 --- [banking-service] [http-nio-8080-exec-5] c.b.service.impl.CustomerServiceImpl     : Creating customer with email: alice.johnson@example.com
2025-03-20T17:20:30.690+05:30  INFO 8640 --- [banking-service] [http-nio-8080-exec-5] c.b.service.impl.CustomerServiceImpl     : Customer created successfully with ID: 6
2025-03-20T17:20:44.758+05:30  INFO 8640 --- [banking-service] [http-nio-8080-exec-4] c.b.service.impl.CustomerServiceImpl     : Creating customer with email: robert.smith@example.com
2025-03-20T17:20:44.772+05:30  INFO 8640 --- [banking-service] [http-nio-8080-exec-4] c.b.service.impl.CustomerServiceImpl     : Customer created successfully with ID: 7
2025-03-20T17:21:03.881+05:30  INFO 8640 --- [banking-service] [http-nio-8080-exec-6] c.b.service.impl.CustomerServiceImpl     : Creating customer with email: jessica.brown@example.com
2025-03-20T17:21:03.898+05:30  INFO 8640 --- [banking-service] [http-nio-8080-exec-6] c.b.service.impl.CustomerServiceImpl     : Customer created successfully with ID: 8
2025-03-20T17:21:14.704+05:30  INFO 8640 --- [banking-service] [http-nio-8080-exec-8] c.b.service.impl.CustomerServiceImpl     : Creating customer with email: michael.davis@example.com
2025-03-20T17:21:14.756+05:30  INFO 8640 --- [banking-service] [http-nio-8080-exec-8] c.b.service.impl.CustomerServiceImpl     : Customer created successfully with ID: 9
2025-03-20T17:21:25.396+05:30  INFO 8640 --- [banking-service] [http-nio-8080-exec-9] c.b.service.impl.CustomerServiceImpl     : Creating customer with email: emily.wilson@example.com
2025-03-20T17:21:25.449+05:30  INFO 8640 --- [banking-service] [http-nio-8080-exec-9] c.b.service.impl.CustomerServiceImpl     : Customer created successfully with ID: 10
2025-03-20T17:22:52.028+05:30  INFO 8640 --- [banking-service] [http-nio-8080-exec-1] c.b.service.impl.CustomerServiceImpl     : Fetching all customers
2025-03-20T17:22:52.074+05:30  INFO 8640 --- [banking-service] [http-nio-8080-exec-1] c.b.service.impl.CustomerServiceImpl     : Total customers fetched: 5
2025-03-20T17:23:25.135+05:30  INFO 8640 --- [banking-service] [http-nio-8080-exec-3] c.b.service.impl.CustomerServiceImpl     : Fetching all customers
2025-03-20T17:23:25.204+05:30  INFO 8640 --- [banking-service] [http-nio-8080-exec-3] c.b.service.impl.CustomerServiceImpl     : Total customers fetched: 5
2025-03-20T17:23:56.005+05:30  INFO 8640 --- [banking-service] [http-nio-8080-exec-4] c.b.service.impl.CustomerServiceImpl     : Fetching customer by email: alice.johnson@example.com
2025-03-20T17:23:56.027+05:30  INFO 8640 --- [banking-service] [http-nio-8080-exec-4] c.b.service.impl.CustomerServiceImpl     : Customer fetched successfully with email: alice.johnson@example.com
2025-03-20T17:24:12.600+05:30  INFO 8640 --- [banking-service] [http-nio-8080-exec-6] c.b.service.impl.CustomerServiceImpl     : Fetching customer by email: alice.johnson@example.com
2025-03-20T17:24:12.643+05:30  INFO 8640 --- [banking-service] [http-nio-8080-exec-6] c.b.service.impl.CustomerServiceImpl     : Customer fetched successfully with email: alice.johnson@example.com
2025-03-20T17:24:33.602+05:30  INFO 8640 --- [banking-service] [http-nio-8080-exec-8] c.b.service.impl.CustomerServiceImpl     : Fetching customer by email: alice.johnson@example.com
2025-03-20T17:24:33.610+05:30  INFO 8640 --- [banking-service] [http-nio-8080-exec-8] c.b.service.impl.CustomerServiceImpl     : Customer fetched successfully with email: alice.johnson@example.com
2025-03-20T17:25:33.496+05:30  INFO 8640 --- [banking-service] [http-nio-8080-exec-10] c.b.service.impl.CustomerServiceImpl     : Fetching customer by ID: 6
2025-03-20T17:25:33.511+05:30  INFO 8640 --- [banking-service] [http-nio-8080-exec-10] c.b.service.impl.CustomerServiceImpl     : Customer fetched successfully with ID: 6
2025-03-20T17:25:48.559+05:30  INFO 8640 --- [banking-service] [http-nio-8080-exec-3] c.b.service.impl.CustomerServiceImpl     : Fetching customer by ID: 6
2025-03-20T17:25:48.571+05:30  INFO 8640 --- [banking-service] [http-nio-8080-exec-3] c.b.service.impl.CustomerServiceImpl     : Customer fetched successfully with ID: 6
2025-03-20T17:27:32.212+05:30  INFO 8640 --- [banking-service] [http-nio-8080-exec-6] c.b.service.impl.CustomerServiceImpl     : Updating customer with ID: 6
2025-03-20T17:27:32.278+05:30  INFO 8640 --- [banking-service] [http-nio-8080-exec-6] c.b.service.impl.CustomerServiceImpl     : Customer updated successfully with ID: 6
2025-03-20T17:27:58.291+05:30  INFO 8640 --- [banking-service] [http-nio-8080-exec-7] c.b.service.impl.CustomerServiceImpl     : Updating customer with ID: 6
2025-03-20T17:27:58.297+05:30  INFO 8640 --- [banking-service] [http-nio-8080-exec-7] c.b.service.impl.CustomerServiceImpl     : Customer updated successfully with ID: 6
2025-03-20T17:29:22.871+05:30  INFO 8640 --- [banking-service] [http-nio-8080-exec-2] c.b.service.impl.CustomerServiceImpl     : Deleting customer with ID: 1
2025-03-20T17:29:22.881+05:30 ERROR 8640 --- [banking-service] [http-nio-8080-exec-2] c.b.service.impl.CustomerServiceImpl     : Customer not found with ID: 1
2025-03-20T17:29:22.932+05:30  WARN 8640 --- [banking-service] [http-nio-8080-exec-2] .m.m.a.ExceptionHandlerExceptionResolver : Resolved [com.banking.exception.ResourceNotFoundException: Customer not found with id: 1]
2025-03-20T17:29:41.671+05:30  INFO 8640 --- [banking-service] [http-nio-8080-exec-3] c.b.service.impl.CustomerServiceImpl     : Deleting customer with ID: 6
2025-03-20T17:29:41.717+05:30  INFO 8640 --- [banking-service] [http-nio-8080-exec-3] c.b.service.impl.CustomerServiceImpl     : Customer deleted successfully with ID: 6
2025-03-20T17:32:21.742+05:30  INFO 8640 --- [banking-service] [SpringApplicationShutdownHook] j.LocalContainerEntityManagerFactoryBean : Closing JPA EntityManagerFactory for persistence unit 'default'
2025-03-20T17:32:21.759+05:30  INFO 8640 --- [banking-service] [SpringApplicationShutdownHook] com.zaxxer.hikari.HikariDataSource       : HikariPool-1 - Shutdown initiated...
2025-03-20T17:32:21.799+05:30  INFO 8640 --- [banking-service] [SpringApplicationShutdownHook] com.zaxxer.hikari.HikariDataSource       : HikariPool-1 - Shutdown completed.
2025-03-20T18:58:16.433+05:30  INFO 17008 --- [banking-service] [restartedMain] com.banking.BankingServiceApplication    : Starting BankingServiceApplication using Java 17.0.12 with PID 17008 (C:\Users\Asus\Desktop\banking-service\target\classes started by Asus in C:\Users\Asus\Desktop\banking-service)
2025-03-20T18:58:16.438+05:30 DEBUG 17008 --- [banking-service] [restartedMain] com.banking.BankingServiceApplication    : Running with Spring Boot v3.3.9, Spring v6.1.17
2025-03-20T18:58:16.440+05:30  INFO 17008 --- [banking-service] [restartedMain] com.banking.BankingServiceApplication    : No active profile set, falling back to 1 default profile: "default"
2025-03-20T18:58:16.595+05:30  INFO 17008 --- [banking-service] [restartedMain] .e.DevToolsPropertyDefaultsPostProcessor : Devtools property defaults active! Set 'spring.devtools.add-properties' to 'false' to disable
2025-03-20T18:58:16.596+05:30  INFO 17008 --- [banking-service] [restartedMain] .e.DevToolsPropertyDefaultsPostProcessor : For additional web related logging consider setting the 'logging.level.web' property to 'DEBUG'
2025-03-20T18:58:18.905+05:30  INFO 17008 --- [banking-service] [restartedMain] .s.d.r.c.RepositoryConfigurationDelegate : Bootstrapping Spring Data JPA repositories in DEFAULT mode.
2025-03-20T18:58:19.067+05:30  INFO 17008 --- [banking-service] [restartedMain] .s.d.r.c.RepositoryConfigurationDelegate : Finished Spring Data repository scanning in 145 ms. Found 5 JPA repository interfaces.
2025-03-20T18:58:20.428+05:30  INFO 17008 --- [banking-service] [restartedMain] o.s.b.w.embedded.tomcat.TomcatWebServer  : Tomcat initialized with port 8080 (http)
2025-03-20T18:58:20.463+05:30  INFO 17008 --- [banking-service] [restartedMain] o.apache.catalina.core.StandardService   : Starting service [Tomcat]
2025-03-20T18:58:20.464+05:30  INFO 17008 --- [banking-service] [restartedMain] o.apache.catalina.core.StandardEngine    : Starting Servlet engine: [Apache Tomcat/10.1.36]
2025-03-20T18:58:20.571+05:30  INFO 17008 --- [banking-service] [restartedMain] o.a.c.c.C.[Tomcat].[localhost].[/]       : Initializing Spring embedded WebApplicationContext
2025-03-20T18:58:20.572+05:30  INFO 17008 --- [banking-service] [restartedMain] w.s.c.ServletWebServerApplicationContext : Root WebApplicationContext: initialization completed in 3974 ms
2025-03-20T18:58:20.912+05:30  INFO 17008 --- [banking-service] [restartedMain] o.hibernate.jpa.internal.util.LogHelper  : HHH000204: Processing PersistenceUnitInfo [name: default]
2025-03-20T18:58:21.063+05:30  INFO 17008 --- [banking-service] [restartedMain] org.hibernate.Version                    : HHH000412: Hibernate ORM core version 6.5.3.Final
2025-03-20T18:58:21.159+05:30  INFO 17008 --- [banking-service] [restartedMain] o.h.c.internal.RegionFactoryInitiator    : HHH000026: Second-level cache disabled
2025-03-20T18:58:21.899+05:30  INFO 17008 --- [banking-service] [restartedMain] o.s.o.j.p.SpringPersistenceUnitInfo      : No LoadTimeWeaver setup: ignoring JPA class transformer
2025-03-20T18:58:21.968+05:30  INFO 17008 --- [banking-service] [restartedMain] com.zaxxer.hikari.HikariDataSource       : HikariPool-1 - Starting...
2025-03-20T18:58:22.691+05:30  INFO 17008 --- [banking-service] [restartedMain] com.zaxxer.hikari.pool.HikariPool        : HikariPool-1 - Added connection com.mysql.cj.jdbc.ConnectionImpl@11bfb91b
2025-03-20T18:58:22.693+05:30  INFO 17008 --- [banking-service] [restartedMain] com.zaxxer.hikari.HikariDataSource       : HikariPool-1 - Start completed.
2025-03-20T18:58:22.789+05:30  WARN 17008 --- [banking-service] [restartedMain] org.hibernate.orm.deprecation            : HHH90000025: MySQL8Dialect does not need to be specified explicitly using 'hibernate.dialect' (remove the property setting and it will be selected by default)
2025-03-20T18:58:22.791+05:30  WARN 17008 --- [banking-service] [restartedMain] org.hibernate.orm.deprecation            : HHH90000026: MySQL8Dialect has been deprecated; use org.hibernate.dialect.MySQLDialect instead
2025-03-20T18:58:24.631+05:30  INFO 17008 --- [banking-service] [restartedMain] o.h.e.t.j.p.i.JtaPlatformInitiator       : HHH000489: No JTA platform available (set 'hibernate.transaction.jta.platform' to enable JTA platform integration)
2025-03-20T18:58:24.883+05:30  INFO 17008 --- [banking-service] [restartedMain] j.LocalContainerEntityManagerFactoryBean : Initialized JPA EntityManagerFactory for persistence unit 'default'
2025-03-20T18:58:26.174+05:30  WARN 17008 --- [banking-service] [restartedMain] JpaBaseConfiguration$JpaWebConfiguration : spring.jpa.open-in-view is enabled by default. Therefore, database queries may be performed during view rendering. Explicitly configure spring.jpa.open-in-view to disable this warning
2025-03-20T18:58:27.093+05:30  INFO 17008 --- [banking-service] [restartedMain] o.s.b.d.a.OptionalLiveReloadServer       : LiveReload server is running on port 35729
2025-03-20T18:58:27.163+05:30  INFO 17008 --- [banking-service] [restartedMain] o.s.b.w.embedded.tomcat.TomcatWebServer  : Tomcat started on port 8080 (http) with context path '/'
2025-03-20T18:58:27.184+05:30  INFO 17008 --- [banking-service] [restartedMain] com.banking.BankingServiceApplication    : Started BankingServiceApplication in 11.868 seconds (process running for 13.149)
2025-03-20T18:58:38.951+05:30  INFO 17008 --- [banking-service] [http-nio-8080-exec-1] o.a.c.c.C.[Tomcat].[localhost].[/]       : Initializing Spring DispatcherServlet 'dispatcherServlet'
2025-03-20T18:58:38.952+05:30  INFO 17008 --- [banking-service] [http-nio-8080-exec-1] o.s.web.servlet.DispatcherServlet        : Initializing Servlet 'dispatcherServlet'
2025-03-20T18:58:38.957+05:30  INFO 17008 --- [banking-service] [http-nio-8080-exec-1] o.s.web.servlet.DispatcherServlet        : Completed initialization in 4 ms
2025-03-20T18:58:39.341+05:30  INFO 17008 --- [banking-service] [http-nio-8080-exec-1] c.b.service.impl.CustomerServiceImpl     : Creating customer with email: emily.wilson@example.com
2025-03-20T18:58:39.605+05:30  WARN 17008 --- [banking-service] [http-nio-8080-exec-1] c.b.service.impl.CustomerServiceImpl     : Email already exists: emily.wilson@example.com
2025-03-20T18:58:39.715+05:30  WARN 17008 --- [banking-service] [http-nio-8080-exec-1] .m.m.a.ExceptionHandlerExceptionResolver : Resolved [java.lang.IllegalArgumentException: Email already exists]
2025-03-20T18:58:49.386+05:30  INFO 17008 --- [banking-service] [http-nio-8080-exec-4] c.b.service.impl.CustomerServiceImpl     : Fetching all customers
2025-03-20T18:58:49.484+05:30  INFO 17008 --- [banking-service] [http-nio-8080-exec-4] c.b.service.impl.CustomerServiceImpl     : Total customers fetched: 4
2025-03-20T18:59:25.528+05:30  INFO 17008 --- [banking-service] [SpringApplicationShutdownHook] j.LocalContainerEntityManagerFactoryBean : Closing JPA EntityManagerFactory for persistence unit 'default'
2025-03-20T18:59:25.537+05:30  INFO 17008 --- [banking-service] [SpringApplicationShutdownHook] com.zaxxer.hikari.HikariDataSource       : HikariPool-1 - Shutdown initiated...
2025-03-20T18:59:25.556+05:30  INFO 17008 --- [banking-service] [SpringApplicationShutdownHook] com.zaxxer.hikari.HikariDataSource       : HikariPool-1 - Shutdown completed.
2025-03-20T20:51:57.267+05:30  INFO 10324 --- [banking-service] [restartedMain] com.banking.BankingServiceApplication    : Starting BankingServiceApplication using Java 17.0.12 with PID 10324 (C:\Users\Asus\Desktop\banking-service\target\classes started by Asus in C:\Users\Asus\Desktop\banking-service)
2025-03-20T20:51:57.272+05:30 DEBUG 10324 --- [banking-service] [restartedMain] com.banking.BankingServiceApplication    : Running with Spring Boot v3.3.9, Spring v6.1.17
2025-03-20T20:51:57.274+05:30  INFO 10324 --- [banking-service] [restartedMain] com.banking.BankingServiceApplication    : No active profile set, falling back to 1 default profile: "default"
2025-03-20T20:51:57.450+05:30  INFO 10324 --- [banking-service] [restartedMain] .e.DevToolsPropertyDefaultsPostProcessor : Devtools property defaults active! Set 'spring.devtools.add-properties' to 'false' to disable
2025-03-20T20:51:57.452+05:30  INFO 10324 --- [banking-service] [restartedMain] .e.DevToolsPropertyDefaultsPostProcessor : For additional web related logging consider setting the 'logging.level.web' property to 'DEBUG'
2025-03-20T20:52:00.124+05:30  INFO 10324 --- [banking-service] [restartedMain] .s.d.r.c.RepositoryConfigurationDelegate : Bootstrapping Spring Data JPA repositories in DEFAULT mode.
2025-03-20T20:52:00.399+05:30  INFO 10324 --- [banking-service] [restartedMain] .s.d.r.c.RepositoryConfigurationDelegate : Finished Spring Data repository scanning in 246 ms. Found 5 JPA repository interfaces.
2025-03-20T20:52:02.171+05:30  INFO 10324 --- [banking-service] [restartedMain] o.s.b.w.embedded.tomcat.TomcatWebServer  : Tomcat initialized with port 8080 (http)
2025-03-20T20:52:02.213+05:30  INFO 10324 --- [banking-service] [restartedMain] o.apache.catalina.core.StandardService   : Starting service [Tomcat]
2025-03-20T20:52:02.215+05:30  INFO 10324 --- [banking-service] [restartedMain] o.apache.catalina.core.StandardEngine    : Starting Servlet engine: [Apache Tomcat/10.1.36]
2025-03-20T20:52:02.395+05:30  INFO 10324 --- [banking-service] [restartedMain] o.a.c.c.C.[Tomcat].[localhost].[/]       : Initializing Spring embedded WebApplicationContext
2025-03-20T20:52:02.397+05:30  INFO 10324 --- [banking-service] [restartedMain] w.s.c.ServletWebServerApplicationContext : Root WebApplicationContext: initialization completed in 4942 ms
2025-03-20T20:52:02.844+05:30  INFO 10324 --- [banking-service] [restartedMain] o.hibernate.jpa.internal.util.LogHelper  : HHH000204: Processing PersistenceUnitInfo [name: default]
2025-03-20T20:52:03.041+05:30  INFO 10324 --- [banking-service] [restartedMain] org.hibernate.Version                    : HHH000412: Hibernate ORM core version 6.5.3.Final
2025-03-20T20:52:03.158+05:30  INFO 10324 --- [banking-service] [restartedMain] o.h.c.internal.RegionFactoryInitiator    : HHH000026: Second-level cache disabled
2025-03-20T20:52:04.079+05:30  INFO 10324 --- [banking-service] [restartedMain] o.s.o.j.p.SpringPersistenceUnitInfo      : No LoadTimeWeaver setup: ignoring JPA class transformer
2025-03-20T20:52:04.161+05:30  INFO 10324 --- [banking-service] [restartedMain] com.zaxxer.hikari.HikariDataSource       : HikariPool-1 - Starting...
2025-03-20T20:52:04.996+05:30  INFO 10324 --- [banking-service] [restartedMain] com.zaxxer.hikari.pool.HikariPool        : HikariPool-1 - Added connection com.mysql.cj.jdbc.ConnectionImpl@365c9378
2025-03-20T20:52:04.999+05:30  INFO 10324 --- [banking-service] [restartedMain] com.zaxxer.hikari.HikariDataSource       : HikariPool-1 - Start completed.
2025-03-20T20:52:05.155+05:30  WARN 10324 --- [banking-service] [restartedMain] org.hibernate.orm.deprecation            : HHH90000025: MySQL8Dialect does not need to be specified explicitly using 'hibernate.dialect' (remove the property setting and it will be selected by default)
2025-03-20T20:52:05.160+05:30  WARN 10324 --- [banking-service] [restartedMain] org.hibernate.orm.deprecation            : HHH90000026: MySQL8Dialect has been deprecated; use org.hibernate.dialect.MySQLDialect instead
2025-03-20T20:52:07.344+05:30  INFO 10324 --- [banking-service] [restartedMain] o.h.e.t.j.p.i.JtaPlatformInitiator       : HHH000489: No JTA platform available (set 'hibernate.transaction.jta.platform' to enable JTA platform integration)
2025-03-20T20:52:07.691+05:30  INFO 10324 --- [banking-service] [restartedMain] j.LocalContainerEntityManagerFactoryBean : Initialized JPA EntityManagerFactory for persistence unit 'default'
2025-03-20T20:52:09.398+05:30  WARN 10324 --- [banking-service] [restartedMain] JpaBaseConfiguration$JpaWebConfiguration : spring.jpa.open-in-view is enabled by default. Therefore, database queries may be performed during view rendering. Explicitly configure spring.jpa.open-in-view to disable this warning
2025-03-20T20:52:10.499+05:30  INFO 10324 --- [banking-service] [restartedMain] o.s.b.d.a.OptionalLiveReloadServer       : LiveReload server is running on port 35729
2025-03-20T20:52:10.579+05:30  INFO 10324 --- [banking-service] [restartedMain] o.s.b.w.embedded.tomcat.TomcatWebServer  : Tomcat started on port 8080 (http) with context path '/'
2025-03-20T20:52:10.602+05:30  INFO 10324 --- [banking-service] [restartedMain] com.banking.BankingServiceApplication    : Started BankingServiceApplication in 14.523 seconds (process running for 15.854)
2025-03-20T20:52:20.489+05:30  INFO 10324 --- [banking-service] [SpringApplicationShutdownHook] j.LocalContainerEntityManagerFactoryBean : Closing JPA EntityManagerFactory for persistence unit 'default'
2025-03-20T20:52:20.536+05:30  INFO 10324 --- [banking-service] [SpringApplicationShutdownHook] com.zaxxer.hikari.HikariDataSource       : HikariPool-1 - Shutdown initiated...
2025-03-20T20:52:20.555+05:30  INFO 10324 --- [banking-service] [SpringApplicationShutdownHook] com.zaxxer.hikari.HikariDataSource       : HikariPool-1 - Shutdown completed.
2025-03-20T20:56:23.869+05:30  INFO 21076 --- [banking-service] [restartedMain] com.banking.BankingServiceApplication    : Starting BankingServiceApplication using Java 17.0.12 with PID 21076 (C:\Users\Asus\Desktop\banking-service\target\classes started by Asus in C:\Users\Asus\Desktop\banking-service)
2025-03-20T20:56:23.876+05:30 DEBUG 21076 --- [banking-service] [restartedMain] com.banking.BankingServiceApplication    : Running with Spring Boot v3.3.9, Spring v6.1.17
2025-03-20T20:56:23.880+05:30  INFO 21076 --- [banking-service] [restartedMain] com.banking.BankingServiceApplication    : No active profile set, falling back to 1 default profile: "default"
2025-03-20T20:56:24.036+05:30  INFO 21076 --- [banking-service] [restartedMain] .e.DevToolsPropertyDefaultsPostProcessor : Devtools property defaults active! Set 'spring.devtools.add-properties' to 'false' to disable
2025-03-20T20:56:24.037+05:30  INFO 21076 --- [banking-service] [restartedMain] .e.DevToolsPropertyDefaultsPostProcessor : For additional web related logging consider setting the 'logging.level.web' property to 'DEBUG'
2025-03-20T20:56:26.575+05:30  INFO 21076 --- [banking-service] [restartedMain] .s.d.r.c.RepositoryConfigurationDelegate : Bootstrapping Spring Data JPA repositories in DEFAULT mode.
2025-03-20T20:56:26.841+05:30  INFO 21076 --- [banking-service] [restartedMain] .s.d.r.c.RepositoryConfigurationDelegate : Finished Spring Data repository scanning in 249 ms. Found 5 JPA repository interfaces.
2025-03-20T20:56:28.684+05:30  INFO 21076 --- [banking-service] [restartedMain] o.s.b.w.embedded.tomcat.TomcatWebServer  : Tomcat initialized with port 8080 (http)
2025-03-20T20:56:28.709+05:30  INFO 21076 --- [banking-service] [restartedMain] o.apache.catalina.core.StandardService   : Starting service [Tomcat]
2025-03-20T20:56:28.710+05:30  INFO 21076 --- [banking-service] [restartedMain] o.apache.catalina.core.StandardEngine    : Starting Servlet engine: [Apache Tomcat/10.1.36]
2025-03-20T20:56:28.880+05:30  INFO 21076 --- [banking-service] [restartedMain] o.a.c.c.C.[Tomcat].[localhost].[/]       : Initializing Spring embedded WebApplicationContext
2025-03-20T20:56:28.882+05:30  INFO 21076 --- [banking-service] [restartedMain] w.s.c.ServletWebServerApplicationContext : Root WebApplicationContext: initialization completed in 4842 ms
2025-03-20T20:56:29.379+05:30  INFO 21076 --- [banking-service] [restartedMain] o.hibernate.jpa.internal.util.LogHelper  : HHH000204: Processing PersistenceUnitInfo [name: default]
2025-03-20T20:56:29.609+05:30  INFO 21076 --- [banking-service] [restartedMain] org.hibernate.Version                    : HHH000412: Hibernate ORM core version 6.5.3.Final
2025-03-20T20:56:29.739+05:30  INFO 21076 --- [banking-service] [restartedMain] o.h.c.internal.RegionFactoryInitiator    : HHH000026: Second-level cache disabled
2025-03-20T20:56:30.707+05:30  INFO 21076 --- [banking-service] [restartedMain] o.s.o.j.p.SpringPersistenceUnitInfo      : No LoadTimeWeaver setup: ignoring JPA class transformer
2025-03-20T20:56:30.837+05:30  INFO 21076 --- [banking-service] [restartedMain] com.zaxxer.hikari.HikariDataSource       : HikariPool-1 - Starting...
2025-03-20T20:56:31.673+05:30  INFO 21076 --- [banking-service] [restartedMain] com.zaxxer.hikari.pool.HikariPool        : HikariPool-1 - Added connection com.mysql.cj.jdbc.ConnectionImpl@4d674da2
2025-03-20T20:56:31.677+05:30  INFO 21076 --- [banking-service] [restartedMain] com.zaxxer.hikari.HikariDataSource       : HikariPool-1 - Start completed.
2025-03-20T20:56:31.774+05:30  WARN 21076 --- [banking-service] [restartedMain] org.hibernate.orm.deprecation            : HHH90000025: MySQL8Dialect does not need to be specified explicitly using 'hibernate.dialect' (remove the property setting and it will be selected by default)
2025-03-20T20:56:31.777+05:30  WARN 21076 --- [banking-service] [restartedMain] org.hibernate.orm.deprecation            : HHH90000026: MySQL8Dialect has been deprecated; use org.hibernate.dialect.MySQLDialect instead
2025-03-20T20:56:34.559+05:30  INFO 21076 --- [banking-service] [restartedMain] o.h.e.t.j.p.i.JtaPlatformInitiator       : HHH000489: No JTA platform available (set 'hibernate.transaction.jta.platform' to enable JTA platform integration)
2025-03-20T20:56:34.777+05:30  INFO 21076 --- [banking-service] [restartedMain] j.LocalContainerEntityManagerFactoryBean : Initialized JPA EntityManagerFactory for persistence unit 'default'
2025-03-20T20:56:36.751+05:30  WARN 21076 --- [banking-service] [restartedMain] JpaBaseConfiguration$JpaWebConfiguration : spring.jpa.open-in-view is enabled by default. Therefore, database queries may be performed during view rendering. Explicitly configure spring.jpa.open-in-view to disable this warning
2025-03-20T20:56:38.087+05:30  INFO 21076 --- [banking-service] [restartedMain] o.s.b.d.a.OptionalLiveReloadServer       : LiveReload server is running on port 35729
2025-03-20T20:56:38.179+05:30  INFO 21076 --- [banking-service] [restartedMain] o.s.b.w.embedded.tomcat.TomcatWebServer  : Tomcat started on port 8080 (http) with context path '/'
2025-03-20T20:56:38.206+05:30  INFO 21076 --- [banking-service] [restartedMain] com.banking.BankingServiceApplication    : Started BankingServiceApplication in 15.587 seconds (process running for 17.13)
2025-03-20T20:58:42.098+05:30  INFO 21076 --- [banking-service] [SpringApplicationShutdownHook] j.LocalContainerEntityManagerFactoryBean : Closing JPA EntityManagerFactory for persistence unit 'default'
2025-03-20T20:58:42.107+05:30  INFO 21076 --- [banking-service] [SpringApplicationShutdownHook] com.zaxxer.hikari.HikariDataSource       : HikariPool-1 - Shutdown initiated...
2025-03-20T20:58:42.131+05:30  INFO 21076 --- [banking-service] [SpringApplicationShutdownHook] com.zaxxer.hikari.HikariDataSource       : HikariPool-1 - Shutdown completed.
